C:\USERS\BEEST\DOCUMENTS\VISUAL STUDIO 2012\PROJECTS\MFCALIENHVAC\MFCALIENHVAC\DEBUG\MFCALIENHVAC.PCH
C:\USERS\BEEST\DOCUMENTS\VISUAL STUDIO 2012\PROJECTS\MFCALIENHVAC\MFCALIENHVAC\DEBUG\STDAFX.OBJ
C:\USERS\BEEST\DOCUMENTS\VISUAL STUDIO 2012\PROJECTS\MFCALIENHVAC\MFCALIENHVAC\DEBUG\VC110.PDB
C:\USERS\BEEST\DOCUMENTS\VISUAL STUDIO 2012\PROJECTS\MFCALIENHVAC\MFCALIENHVAC\DEBUG\MFCALIENHVAC.OBJ
C:\USERS\BEEST\DOCUMENTS\VISUAL STUDIO 2012\PROJECTS\MFCALIENHVAC\MFCALIENHVAC\DEBUG\MFCALIENHVACDLG.OBJ
C:\USERS\BEEST\DOCUMENTS\VISUAL STUDIO 2012\PROJECTS\MFCALIENHVAC\DEBUG\MFCALIENHVAC.ILK
C:\USERS\BEEST\DOCUMENTS\VISUAL STUDIO 2012\PROJECTS\MFCALIENHVAC\DEBUG\MFCALIENHVAC.EXE
C:\USERS\BEEST\DOCUMENTS\VISUAL STUDIO 2012\PROJECTS\MFCALIENHVAC\DEBUG\MFCALIENHVAC.PDB
C:\USERS\BEEST\DOCUMENTS\VISUAL STUDIO 2012\PROJECTS\MFCALIENHVAC\MFCALIENHVAC\DEBUG\MFCALIENHVAC.RES
c:\Users\beest\documents\visual studio 2012\Projects\MFCAlienHVAC\MFCAlienHVAC\Debug\MFCAlienHVAC.obj
c:\Users\beest\documents\visual studio 2012\Projects\MFCAlienHVAC\MFCAlienHVAC\Debug\MFCAlienHVACDlg.obj
c:\Users\beest\documents\visual studio 2012\Projects\MFCAlienHVAC\MFCAlienHVAC\Debug\stdafx.obj
c:\Users\beest\documents\visual studio 2012\Projects\MFCAlienHVAC\MFCAlienHVAC\Debug\cl.command.1.tlog
c:\Users\beest\documents\visual studio 2012\Projects\MFCAlienHVAC\MFCAlienHVAC\Debug\CL.read.1.tlog
c:\Users\beest\documents\visual studio 2012\Projects\MFCAlienHVAC\MFCAlienHVAC\Debug\CL.write.1.tlog
c:\Users\beest\documents\visual studio 2012\Projects\MFCAlienHVAC\MFCAlienHVAC\Debug\link-cvtres.read.1.tlog
c:\Users\beest\documents\visual studio 2012\Projects\MFCAlienHVAC\MFCAlienHVAC\Debug\link-cvtres.write.1.tlog
c:\Users\beest\documents\visual studio 2012\Projects\MFCAlienHVAC\MFCAlienHVAC\Debug\link-mt.read.1.tlog
c:\Users\beest\documents\visual studio 2012\Projects\MFCAlienHVAC\MFCAlienHVAC\Debug\link-mt.write.1.tlog
c:\Users\beest\documents\visual studio 2012\Projects\MFCAlienHVAC\MFCAlienHVAC\Debug\link-rc.read.1.tlog
c:\Users\beest\documents\visual studio 2012\Projects\MFCAlienHVAC\MFCAlienHVAC\Debug\link-rc.write.1.tlog
c:\Users\beest\documents\visual studio 2012\Projects\MFCAlienHVAC\MFCAlienHVAC\Debug\link.8600-cvtres.read.1.tlog
c:\Users\beest\documents\visual studio 2012\Projects\MFCAlienHVAC\MFCAlienHVAC\Debug\link.8600-cvtres.write.1.tlog
c:\Users\beest\documents\visual studio 2012\Projects\MFCAlienHVAC\MFCAlienHVAC\Debug\link.8600-mt.read.1.tlog
c:\Users\beest\documents\visual studio 2012\Projects\MFCAlienHVAC\MFCAlienHVAC\Debug\link.8600-mt.write.1.tlog
c:\Users\beest\documents\visual studio 2012\Projects\MFCAlienHVAC\MFCAlienHVAC\Debug\link.8600-rc.read.1.tlog
c:\Users\beest\documents\visual studio 2012\Projects\MFCAlienHVAC\MFCAlienHVAC\Debug\link.8600-rc.write.1.tlog
c:\Users\beest\documents\visual studio 2012\Projects\MFCAlienHVAC\MFCAlienHVAC\Debug\link.8600.read.1.tlog
c:\Users\beest\documents\visual studio 2012\Projects\MFCAlienHVAC\MFCAlienHVAC\Debug\link.8600.write.1.tlog
c:\Users\beest\documents\visual studio 2012\Projects\MFCAlienHVAC\MFCAlienHVAC\Debug\link.command.1.tlog
c:\Users\beest\documents\visual studio 2012\Projects\MFCAlienHVAC\MFCAlienHVAC\Debug\link.read.1.tlog
c:\Users\beest\documents\visual studio 2012\Projects\MFCAlienHVAC\MFCAlienHVAC\Debug\link.write.1.tlog
c:\Users\beest\documents\visual studio 2012\Projects\MFCAlienHVAC\MFCAlienHVAC\Debug\rc.command.1.tlog
c:\Users\beest\documents\visual studio 2012\Projects\MFCAlienHVAC\MFCAlienHVAC\Debug\rc.read.1.tlog
c:\Users\beest\documents\visual studio 2012\Projects\MFCAlienHVAC\MFCAlienHVAC\Debug\rc.write.1.tlog
c:\Users\beest\documents\visual studio 2012\Projects\MFCAlienHVAC\MFCAlienHVAC\Debug\MFCAlienHVAC.res
c:\Users\beest\documents\visual studio 2012\Projects\MFCAlienHVAC\MFCAlienHVAC\Debug\MFCAlienHVAC.pch
c:\Users\beest\documents\visual studio 2012\Projects\MFCAlienHVAC\MFCAlienHVAC\Debug\vc110.idb
c:\Users\beest\documents\visual studio 2012\Projects\MFCAlienHVAC\MFCAlienHVAC\Debug\vc110.pdb
c:\users\beest\documents\visual studio 2012\Projects\MFCAlienHVAC\Debug\MFCAlienHVAC.pdb
c:\users\beest\documents\visual studio 2012\Projects\MFCAlienHVAC\Debug\MFCAlienHVAC.exe
c:\users\beest\documents\visual studio 2012\Projects\MFCAlienHVAC\Debug\MFCAlienHVAC.ilk
